xFormers not available
xFormers not available
Traceback (most recent call last):
  File "/scratch/projects/fouheylab/dma9300/OSNOM//code/tracking_code/extract_feat/save_feat_batch_3D.py", line 532, in <module>
    main()
  File "/scratch/projects/fouheylab/dma9300/OSNOM//code/tracking_code/extract_feat/save_feat_batch_3D.py", line 526, in main
    phalp_instance = PHALP(args.output_dir, args.data_path, args.mesh_path, args.frames_path,
  File "/scratch/projects/fouheylab/dma9300/OSNOM//code/tracking_code/extract_feat/save_feat_batch_3D.py", line 349, in __init__
    with open('./data/dense_frame_mapping_corrected.json') as f:
FileNotFoundError: [Errno 2] No such file or directory: './data/dense_frame_mapping_corrected.json'
xFormers not available
xFormers not available
Traceback (most recent call last):
  File "/scratch/projects/fouheylab/dma9300/OSNOM//code/tracking_code/extract_feat/save_feat_batch_3D.py", line 532, in <module>
    main()
  File "/scratch/projects/fouheylab/dma9300/OSNOM//code/tracking_code/extract_feat/save_feat_batch_3D.py", line 526, in main
    phalp_instance = PHALP(args.output_dir, args.data_path, args.mesh_path, args.frames_path,
  File "/scratch/projects/fouheylab/dma9300/OSNOM//code/tracking_code/extract_feat/save_feat_batch_3D.py", line 349, in __init__
    with open('./data/dense_frame_mapping_corrected.json') as f:
FileNotFoundError: [Errno 2] No such file or directory: './data/dense_frame_mapping_corrected.json'
xFormers not available
xFormers not available
Traceback (most recent call last):
  File "/scratch/projects/fouheylab/dma9300/OSNOM//code/tracking_code/extract_feat/save_feat_batch_3D.py", line 532, in <module>
    main()
  File "/scratch/projects/fouheylab/dma9300/OSNOM//code/tracking_code/extract_feat/save_feat_batch_3D.py", line 526, in main
    phalp_instance = PHALP(args.output_dir, args.data_path, args.mesh_path, args.frames_path,
  File "/scratch/projects/fouheylab/dma9300/OSNOM//code/tracking_code/extract_feat/save_feat_batch_3D.py", line 349, in __init__
    with open('./data/dense_frame_mapping_corrected.json') as f:
FileNotFoundError: [Errno 2] No such file or directory: './data/dense_frame_mapping_corrected.json'
xFormers not available
xFormers not available
Traceback (most recent call last):
  File "/scratch/projects/fouheylab/dma9300/OSNOM//code/tracking_code/extract_feat/save_feat_batch_3D.py", line 532, in <module>
    main()
  File "/scratch/projects/fouheylab/dma9300/OSNOM//code/tracking_code/extract_feat/save_feat_batch_3D.py", line 526, in main
    phalp_instance = PHALP(args.output_dir, args.data_path, args.mesh_path, args.frames_path,
  File "/scratch/projects/fouheylab/dma9300/OSNOM//code/tracking_code/extract_feat/save_feat_batch_3D.py", line 349, in __init__
    with open('./data/dense_frame_mapping_corrected.json') as f:
FileNotFoundError: [Errno 2] No such file or directory: './data/dense_frame_mapping_corrected.json'
xFormers not available
xFormers not available
Traceback (most recent call last):
  File "/scratch/projects/fouheylab/dma9300/OSNOM//code/tracking_code/extract_feat/save_feat_batch_3D.py", line 532, in <module>
    main()
  File "/scratch/projects/fouheylab/dma9300/OSNOM//code/tracking_code/extract_feat/save_feat_batch_3D.py", line 526, in main
    phalp_instance = PHALP(args.output_dir, args.data_path, args.mesh_path, args.frames_path,
  File "/scratch/projects/fouheylab/dma9300/OSNOM//code/tracking_code/extract_feat/save_feat_batch_3D.py", line 349, in __init__
    with open('./data/dense_frame_mapping_corrected.json') as f:
FileNotFoundError: [Errno 2] No such file or directory: './data/dense_frame_mapping_corrected.json'
xFormers not available
xFormers not available
Traceback (most recent call last):
  File "/scratch/projects/fouheylab/dma9300/OSNOM//code/tracking_code/extract_feat/save_feat_batch_3D.py", line 532, in <module>
    main()
  File "/scratch/projects/fouheylab/dma9300/OSNOM//code/tracking_code/extract_feat/save_feat_batch_3D.py", line 526, in main
    phalp_instance = PHALP(args.output_dir, args.data_path, args.mesh_path, args.frames_path,
  File "/scratch/projects/fouheylab/dma9300/OSNOM//code/tracking_code/extract_feat/save_feat_batch_3D.py", line 349, in __init__
    with open('./data/dense_frame_mapping_corrected.json') as f:
FileNotFoundError: [Errno 2] No such file or directory: './data/dense_frame_mapping_corrected.json'
xFormers not available
xFormers not available
Traceback (most recent call last):
  File "/scratch/projects/fouheylab/dma9300/OSNOM//code/tracking_code/extract_feat/save_feat_batch_3D.py", line 532, in <module>
    main()
  File "/scratch/projects/fouheylab/dma9300/OSNOM//code/tracking_code/extract_feat/save_feat_batch_3D.py", line 526, in main
    phalp_instance = PHALP(args.output_dir, args.data_path, args.mesh_path, args.frames_path,
  File "/scratch/projects/fouheylab/dma9300/OSNOM//code/tracking_code/extract_feat/save_feat_batch_3D.py", line 349, in __init__
    with open('./data/dense_frame_mapping_corrected.json') as f:
FileNotFoundError: [Errno 2] No such file or directory: './data/dense_frame_mapping_corrected.json'
xFormers not available
xFormers not available
Traceback (most recent call last):
  File "/scratch/projects/fouheylab/dma9300/OSNOM//code/tracking_code/extract_feat/save_feat_batch_3D.py", line 532, in <module>
    main()
  File "/scratch/projects/fouheylab/dma9300/OSNOM//code/tracking_code/extract_feat/save_feat_batch_3D.py", line 526, in main
    phalp_instance = PHALP(args.output_dir, args.data_path, args.mesh_path, args.frames_path,
  File "/scratch/projects/fouheylab/dma9300/OSNOM//code/tracking_code/extract_feat/save_feat_batch_3D.py", line 349, in __init__
    with open('./data/dense_frame_mapping_corrected.json') as f:
FileNotFoundError: [Errno 2] No such file or directory: './data/dense_frame_mapping_corrected.json'
xFormers not available
xFormers not available
Traceback (most recent call last):
  File "/scratch/projects/fouheylab/dma9300/OSNOM//code/tracking_code/extract_feat/save_feat_batch_3D.py", line 532, in <module>
    main()
  File "/scratch/projects/fouheylab/dma9300/OSNOM//code/tracking_code/extract_feat/save_feat_batch_3D.py", line 526, in main
    phalp_instance = PHALP(args.output_dir, args.data_path, args.mesh_path, args.frames_path,
  File "/scratch/projects/fouheylab/dma9300/OSNOM//code/tracking_code/extract_feat/save_feat_batch_3D.py", line 349, in __init__
    with open('./data/dense_frame_mapping_corrected.json') as f:
FileNotFoundError: [Errno 2] No such file or directory: './data/dense_frame_mapping_corrected.json'
xFormers not available
xFormers not available
Traceback (most recent call last):
  File "/scratch/projects/fouheylab/dma9300/OSNOM//code/tracking_code/extract_feat/save_feat_batch_3D.py", line 532, in <module>
    main()
  File "/scratch/projects/fouheylab/dma9300/OSNOM//code/tracking_code/extract_feat/save_feat_batch_3D.py", line 526, in main
    phalp_instance = PHALP(args.output_dir, args.data_path, args.mesh_path, args.frames_path,
  File "/scratch/projects/fouheylab/dma9300/OSNOM//code/tracking_code/extract_feat/save_feat_batch_3D.py", line 349, in __init__
    with open('./data/dense_frame_mapping_corrected.json') as f:
FileNotFoundError: [Errno 2] No such file or directory: './data/dense_frame_mapping_corrected.json'
